2023-11-15 09:35:59.657 | INFO     | __main__:<module>:185 - In stage initial-plots for EARLYWARNING S231030av alert.
2023-11-15 09:38:17.215 | INFO     | __main__:<module>:207 - Handling Event S231030av with alert type EARLYWARNING
2023-11-15 09:38:22.617 | INFO     | __main__:<module>:216 - skymaps stored at OUTPUT/O4REAL/S231030av/EARLYWARNING.
2023-11-15 09:38:22.619 | INFO     | __main__:<module>:218 - In stage initial-plots for EARLYWARNING S231030av alert.
2023-11-15 09:38:51.090 | INFO     | __main__:<module>:226 - rsync data from alert S231030av to website
2023-11-15 09:38:52.431 | INFO     | __main__:<module>:237 - Initial plots for EARLYWARNING S231030av stored at OUTPUT/O4REAL/S231030av/EARLYWARNING/initial_data.
2023-11-15 09:38:52.471 | INFO     | __main__:<module>:298 - Ranking galaxies for EARLYWARNING S231030av alert.
2023-11-15 09:40:08.609 | INFO     | __main__:<module>:308 - Ranked galaxies list stored at OUTPUT/O4REAL/S231030av/EARLYWARNING/initial_data
2023-11-15 09:40:08.611 | INFO     | __main__:<module>:312 - Pushing data from alert S231030av to website
2023-11-15 09:40:08.615 | INFO     | __main__:<module>:333 - rsync data from alert S231030av to website
2023-11-15 09:41:18.643 | INFO     | __main__:<module>:207 - Handling Event S231030av with alert type EARLYWARNING
2023-11-15 09:41:23.200 | INFO     | __main__:<module>:216 - skymaps stored at OUTPUT/O4REAL/S231030av/EARLYWARNING.
2023-11-15 09:41:23.202 | INFO     | __main__:<module>:218 - In stage initial-plots for EARLYWARNING S231030av alert.
2023-11-15 09:41:47.076 | INFO     | __main__:<module>:226 - rsync data from alert S231030av to website
2023-11-15 09:41:48.130 | INFO     | __main__:<module>:237 - Initial plots for EARLYWARNING S231030av stored at OUTPUT/O4REAL/S231030av/EARLYWARNING/initial_data.
2023-11-15 09:41:48.176 | INFO     | __main__:<module>:298 - Ranking galaxies for EARLYWARNING S231030av alert.
2023-11-15 09:42:52.548 | INFO     | __main__:<module>:308 - Ranked galaxies list stored at OUTPUT/O4REAL/S231030av/EARLYWARNING/initial_data
2023-11-15 09:42:52.550 | INFO     | __main__:<module>:312 - Pushing data from alert S231030av to website
2023-11-15 09:42:52.553 | INFO     | __main__:<module>:333 - rsync data from alert S231030av to website
2023-11-15 09:42:52.882 | INFO     | __main__:<module>:353 - Pushing initial data from alert S231030av to website
2023-11-15 10:20:27.279 | INFO     | __main__:<module>:207 - In stage handle for EARLYWARNING S231030av alert.
2023-11-15 10:20:31.925 | INFO     | __main__:<module>:217 - Skymaps stored at OUTPUT/O4REAL/S231030av/EARLYWARNING.
2023-11-15 10:20:31.928 | INFO     | __main__:<module>:219 - Making initial-plots for EARLYWARNING S231030av alert.
2023-11-15 10:20:55.604 | INFO     | __main__:<module>:227 - Ranking galaxies for EARLYWARNING S231030av alert.
2023-11-15 10:22:14.660 | INFO     | __main__:<module>:235 - SLIP plots and galaxy ranking catalog for EARLYWARNING S231030av stored at OUTPUT/O4REAL/S231030av/EARLYWARNING/initial_data.
2023-11-15 10:22:15.793 | INFO     | __main__:<module>:247 - SLIP plots and galaxy ranking catalog from alert S231030av moved to codemanager
2023-11-15 10:22:15.831 | INFO     | __main__:<module>:324 - In stage add-trigger for EARLYWARNING S231030av alert.
2023-11-15 10:22:15.833 | INFO     | __main__:<module>:340 - Pushing data (add_trigger) from alert S231030av to website
2023-11-15 10:22:15.834 | INFO     | __main__:<module>:347 - In stage add-trigger for EARLYWARNING S231030av alert.
2023-11-15 10:22:16.190 | INFO     | __main__:<module>:368 - Pushing data (add_trigger_by_day_initial) from alert S231030av to website
